{"/home/captain/Desktop/VERN/vern_frontend/components/ConfigEditorPanel.js": {"path":"/home/captain/Desktop/VERN/vern_frontend/components/ConfigEditorPanel.js","statementMap":{"0":{"start":{"line":4,"column":36},"end":{"line":4,"column":48}},"1":{"start":{"line":5,"column":38},"end":{"line":5,"column":50}},"2":{"start":{"line":6,"column":32},"end":{"line":6,"column":44}},"3":{"start":{"line":7,"column":34},"end":{"line":7,"column":46}},"4":{"start":{"line":8,"column":28},"end":{"line":8,"column":40}},"5":{"start":{"line":9,"column":32},"end":{"line":9,"column":44}},"6":{"start":{"line":10,"column":32},"end":{"line":10,"column":47}},"7":{"start":{"line":11,"column":36},"end":{"line":11,"column":48}},"8":{"start":{"line":12,"column":38},"end":{"line":12,"column":94}},"9":{"start":{"line":15,"column":2},"end":{"line":30,"column":9}},"10":{"start":{"line":16,"column":4},"end":{"line":22,"column":60}},"11":{"start":{"line":17,"column":19},"end":{"line":17,"column":29}},"12":{"start":{"line":19,"column":8},"end":{"line":19,"column":27}},"13":{"start":{"line":20,"column":8},"end":{"line":20,"column":25}},"14":{"start":{"line":22,"column":19},"end":{"line":22,"column":58}},"15":{"start":{"line":23,"column":4},"end":{"line":29,"column":60}},"16":{"start":{"line":24,"column":19},"end":{"line":24,"column":29}},"17":{"start":{"line":26,"column":8},"end":{"line":26,"column":28}},"18":{"start":{"line":27,"column":8},"end":{"line":27,"column":26}},"19":{"start":{"line":29,"column":19},"end":{"line":29,"column":58}},"20":{"start":{"line":33,"column":2},"end":{"line":42,"column":9}},"21":{"start":{"line":34,"column":4},"end":{"line":37,"column":37}},"22":{"start":{"line":35,"column":19},"end":{"line":35,"column":29}},"23":{"start":{"line":36,"column":20},"end":{"line":36,"column":38}},"24":{"start":{"line":37,"column":19},"end":{"line":37,"column":35}},"25":{"start":{"line":38,"column":4},"end":{"line":41,"column":82}},"26":{"start":{"line":39,"column":19},"end":{"line":39,"column":29}},"27":{"start":{"line":40,"column":20},"end":{"line":40,"column":39}},"28":{"start":{"line":41,"column":19},"end":{"line":41,"column":80}},"29":{"start":{"line":45,"column":26},"end":{"line":47,"column":3}},"30":{"start":{"line":46,"column":4},"end":{"line":46,"column":52}},"31":{"start":{"line":46,"column":24},"end":{"line":46,"column":49}},"32":{"start":{"line":50,"column":27},"end":{"line":52,"column":3}},"33":{"start":{"line":51,"column":4},"end":{"line":51,"column":53}},"34":{"start":{"line":51,"column":25},"end":{"line":51,"column":50}},"35":{"start":{"line":55,"column":18},"end":{"line":74,"column":3}},"36":{"start":{"line":56,"column":4},"end":{"line":56,"column":21}},"37":{"start":{"line":57,"column":4},"end":{"line":57,"column":17}},"38":{"start":{"line":58,"column":4},"end":{"line":58,"column":19}},"39":{"start":{"line":59,"column":4},"end":{"line":73,"column":40}},"40":{"start":{"line":65,"column":8},"end":{"line":65,"column":68}},"41":{"start":{"line":65,"column":21},"end":{"line":65,"column":68}},"42":{"start":{"line":66,"column":8},"end":{"line":66,"column":26}},"43":{"start":{"line":69,"column":8},"end":{"line":69,"column":41}},"44":{"start":{"line":70,"column":8},"end":{"line":70,"column":30}},"45":{"start":{"line":72,"column":20},"end":{"line":72,"column":41}},"46":{"start":{"line":73,"column":21},"end":{"line":73,"column":38}},"47":{"start":{"line":77,"column":19},"end":{"line":96,"column":3}},"48":{"start":{"line":78,"column":4},"end":{"line":78,"column":21}},"49":{"start":{"line":79,"column":4},"end":{"line":79,"column":17}},"50":{"start":{"line":80,"column":4},"end":{"line":80,"column":19}},"51":{"start":{"line":81,"column":4},"end":{"line":95,"column":40}},"52":{"start":{"line":87,"column":8},"end":{"line":87,"column":68}},"53":{"start":{"line":87,"column":21},"end":{"line":87,"column":68}},"54":{"start":{"line":88,"column":8},"end":{"line":88,"column":26}},"55":{"start":{"line":91,"column":8},"end":{"line":91,"column":41}},"56":{"start":{"line":92,"column":8},"end":{"line":92,"column":32}},"57":{"start":{"line":94,"column":20},"end":{"line":94,"column":41}},"58":{"start":{"line":95,"column":21},"end":{"line":95,"column":38}},"59":{"start":{"line":98,"column":2},"end":{"line":160,"column":4}},"60":{"start":{"line":106,"column":10},"end":{"line":114,"column":16}},"61":{"start":{"line":111,"column":29},"end":{"line":111,"column":65}},"62":{"start":{"line":132,"column":10},"end":{"line":140,"column":16}},"63":{"start":{"line":137,"column":29},"end":{"line":137,"column":66}},"64":{"start":{"line":151,"column":14},"end":{"line":154,"column":19}}},"fnMap":{"0":{"name":"ConfigEditorPanel","decl":{"start":{"line":3,"column":24},"end":{"line":3,"column":41}},"loc":{"start":{"line":3,"column":44},"end":{"line":161,"column":1}},"line":3},"1":{"name":"(anonymous_1)","decl":{"start":{"line":15,"column":12},"end":{"line":15,"column":13}},"loc":{"start":{"line":15,"column":18},"end":{"line":30,"column":3}},"line":15},"2":{"name":"(anonymous_2)","decl":{"start":{"line":17,"column":12},"end":{"line":17,"column":13}},"loc":{"start":{"line":17,"column":19},"end":{"line":17,"column":29}},"line":17},"3":{"name":"(anonymous_3)","decl":{"start":{"line":18,"column":12},"end":{"line":18,"column":13}},"loc":{"start":{"line":18,"column":20},"end":{"line":21,"column":7}},"line":18},"4":{"name":"(anonymous_4)","decl":{"start":{"line":22,"column":13},"end":{"line":22,"column":14}},"loc":{"start":{"line":22,"column":19},"end":{"line":22,"column":58}},"line":22},"5":{"name":"(anonymous_5)","decl":{"start":{"line":24,"column":12},"end":{"line":24,"column":13}},"loc":{"start":{"line":24,"column":19},"end":{"line":24,"column":29}},"line":24},"6":{"name":"(anonymous_6)","decl":{"start":{"line":25,"column":12},"end":{"line":25,"column":13}},"loc":{"start":{"line":25,"column":20},"end":{"line":28,"column":7}},"line":25},"7":{"name":"(anonymous_7)","decl":{"start":{"line":29,"column":13},"end":{"line":29,"column":14}},"loc":{"start":{"line":29,"column":19},"end":{"line":29,"column":58}},"line":29},"8":{"name":"(anonymous_8)","decl":{"start":{"line":33,"column":12},"end":{"line":33,"column":13}},"loc":{"start":{"line":33,"column":18},"end":{"line":42,"column":3}},"line":33},"9":{"name":"(anonymous_9)","decl":{"start":{"line":35,"column":12},"end":{"line":35,"column":13}},"loc":{"start":{"line":35,"column":19},"end":{"line":35,"column":29}},"line":35},"10":{"name":"(anonymous_10)","decl":{"start":{"line":36,"column":12},"end":{"line":36,"column":13}},"loc":{"start":{"line":36,"column":20},"end":{"line":36,"column":38}},"line":36},"11":{"name":"(anonymous_11)","decl":{"start":{"line":37,"column":13},"end":{"line":37,"column":14}},"loc":{"start":{"line":37,"column":19},"end":{"line":37,"column":35}},"line":37},"12":{"name":"(anonymous_12)","decl":{"start":{"line":39,"column":12},"end":{"line":39,"column":13}},"loc":{"start":{"line":39,"column":19},"end":{"line":39,"column":29}},"line":39},"13":{"name":"(anonymous_13)","decl":{"start":{"line":40,"column":12},"end":{"line":40,"column":13}},"loc":{"start":{"line":40,"column":20},"end":{"line":40,"column":39}},"line":40},"14":{"name":"(anonymous_14)","decl":{"start":{"line":41,"column":13},"end":{"line":41,"column":14}},"loc":{"start":{"line":41,"column":19},"end":{"line":41,"column":80}},"line":41},"15":{"name":"(anonymous_15)","decl":{"start":{"line":45,"column":26},"end":{"line":45,"column":27}},"loc":{"start":{"line":45,"column":42},"end":{"line":47,"column":3}},"line":45},"16":{"name":"(anonymous_16)","decl":{"start":{"line":46,"column":15},"end":{"line":46,"column":16}},"loc":{"start":{"line":46,"column":24},"end":{"line":46,"column":49}},"line":46},"17":{"name":"(anonymous_17)","decl":{"start":{"line":50,"column":27},"end":{"line":50,"column":28}},"loc":{"start":{"line":50,"column":43},"end":{"line":52,"column":3}},"line":50},"18":{"name":"(anonymous_18)","decl":{"start":{"line":51,"column":16},"end":{"line":51,"column":17}},"loc":{"start":{"line":51,"column":25},"end":{"line":51,"column":50}},"line":51},"19":{"name":"(anonymous_19)","decl":{"start":{"line":55,"column":18},"end":{"line":55,"column":19}},"loc":{"start":{"line":55,"column":24},"end":{"line":74,"column":3}},"line":55},"20":{"name":"(anonymous_20)","decl":{"start":{"line":64,"column":12},"end":{"line":64,"column":13}},"loc":{"start":{"line":64,"column":19},"end":{"line":67,"column":7}},"line":64},"21":{"name":"(anonymous_21)","decl":{"start":{"line":68,"column":12},"end":{"line":68,"column":13}},"loc":{"start":{"line":68,"column":18},"end":{"line":71,"column":7}},"line":68},"22":{"name":"(anonymous_22)","decl":{"start":{"line":72,"column":13},"end":{"line":72,"column":14}},"loc":{"start":{"line":72,"column":20},"end":{"line":72,"column":41}},"line":72},"23":{"name":"(anonymous_23)","decl":{"start":{"line":73,"column":15},"end":{"line":73,"column":16}},"loc":{"start":{"line":73,"column":21},"end":{"line":73,"column":38}},"line":73},"24":{"name":"(anonymous_24)","decl":{"start":{"line":77,"column":19},"end":{"line":77,"column":20}},"loc":{"start":{"line":77,"column":25},"end":{"line":96,"column":3}},"line":77},"25":{"name":"(anonymous_25)","decl":{"start":{"line":86,"column":12},"end":{"line":86,"column":13}},"loc":{"start":{"line":86,"column":19},"end":{"line":89,"column":7}},"line":86},"26":{"name":"(anonymous_26)","decl":{"start":{"line":90,"column":12},"end":{"line":90,"column":13}},"loc":{"start":{"line":90,"column":18},"end":{"line":93,"column":7}},"line":90},"27":{"name":"(anonymous_27)","decl":{"start":{"line":94,"column":13},"end":{"line":94,"column":14}},"loc":{"start":{"line":94,"column":20},"end":{"line":94,"column":41}},"line":94},"28":{"name":"(anonymous_28)","decl":{"start":{"line":95,"column":15},"end":{"line":95,"column":16}},"loc":{"start":{"line":95,"column":21},"end":{"line":95,"column":38}},"line":95},"29":{"name":"(anonymous_29)","decl":{"start":{"line":105,"column":34},"end":{"line":105,"column":35}},"loc":{"start":{"line":106,"column":10},"end":{"line":114,"column":16}},"line":106},"30":{"name":"(anonymous_30)","decl":{"start":{"line":111,"column":24},"end":{"line":111,"column":25}},"loc":{"start":{"line":111,"column":29},"end":{"line":111,"column":65}},"line":111},"31":{"name":"(anonymous_31)","decl":{"start":{"line":131,"column":79},"end":{"line":131,"column":80}},"loc":{"start":{"line":132,"column":10},"end":{"line":140,"column":16}},"line":132},"32":{"name":"(anonymous_32)","decl":{"start":{"line":137,"column":24},"end":{"line":137,"column":25}},"loc":{"start":{"line":137,"column":29},"end":{"line":137,"column":66}},"line":137},"33":{"name":"(anonymous_33)","decl":{"start":{"line":150,"column":27},"end":{"line":150,"column":28}},"loc":{"start":{"line":151,"column":14},"end":{"line":154,"column":19}},"line":151}},"branchMap":{"0":{"loc":{"start":{"line":65,"column":8},"end":{"line":65,"column":68}},"type":"if","locations":[{"start":{"line":65,"column":8},"end":{"line":65,"column":68}},{"start":{},"end":{}}],"line":65},"1":{"loc":{"start":{"line":87,"column":8},"end":{"line":87,"column":68}},"type":"if","locations":[{"start":{"line":87,"column":8},"end":{"line":87,"column":68}},{"start":{},"end":{}}],"line":87},"2":{"loc":{"start":{"line":101,"column":7},"end":{"line":101,"column":88}},"type":"binary-expr","locations":[{"start":{"line":101,"column":7},"end":{"line":101,"column":12}},{"start":{"line":101,"column":16},"end":{"line":101,"column":88}}],"line":101},"3":{"loc":{"start":{"line":102,"column":7},"end":{"line":102,"column":87}},"type":"binary-expr","locations":[{"start":{"line":102,"column":7},"end":{"line":102,"column":14}},{"start":{"line":102,"column":18},"end":{"line":102,"column":87}}],"line":102},"4":{"loc":{"start":{"line":116,"column":9},"end":{"line":126,"column":9}},"type":"binary-expr","locations":[{"start":{"line":116,"column":9},"end":{"line":116,"column":26}},{"start":{"line":117,"column":10},"end":{"line":125,"column":16}}],"line":116},"5":{"loc":{"start":{"line":119,"column":13},"end":{"line":121,"column":13}},"type":"binary-expr","locations":[{"start":{"line":119,"column":13},"end":{"line":119,"column":42}},{"start":{"line":120,"column":14},"end":{"line":120,"column":65}}],"line":119},"6":{"loc":{"start":{"line":122,"column":13},"end":{"line":124,"column":13}},"type":"binary-expr","locations":[{"start":{"line":122,"column":13},"end":{"line":122,"column":47}},{"start":{"line":123,"column":14},"end":{"line":123,"column":75}}],"line":122},"7":{"loc":{"start":{"line":127,"column":44},"end":{"line":127,"column":72}},"type":"binary-expr","locations":[{"start":{"line":127,"column":44},"end":{"line":127,"column":51}},{"start":{"line":127,"column":55},"end":{"line":127,"column":72}}],"line":127},"8":{"loc":{"start":{"line":131,"column":9},"end":{"line":141,"column":10}},"type":"binary-expr","locations":[{"start":{"line":131,"column":9},"end":{"line":131,"column":17}},{"start":{"line":131,"column":21},"end":{"line":131,"column":49}},{"start":{"line":131,"column":53},"end":{"line":141,"column":10}}],"line":131},"9":{"loc":{"start":{"line":146,"column":9},"end":{"line":157,"column":9}},"type":"cond-expr","locations":[{"start":{"line":147,"column":10},"end":{"line":147,"column":47}},{"start":{"line":149,"column":10},"end":{"line":156,"column":15}}],"line":146},"10":{"loc":{"start":{"line":153,"column":17},"end":{"line":153,"column":61}},"type":"binary-expr","locations":[{"start":{"line":153,"column":17},"end":{"line":153,"column":28}},{"start":{"line":153,"column":32},"end":{"line":153,"column":61}}],"line":153}},"s":{"0":3,"1":3,"2":3,"3":3,"4":3,"5":3,"6":3,"7":3,"8":3,"9":3,"10":3,"11":0,"12":0,"13":0,"14":0,"15":3,"16":0,"17":0,"18":0,"19":0,"20":3,"21":3,"22":0,"23":0,"24":0,"25":3,"26":0,"27":0,"28":0,"29":3,"30":0,"31":0,"32":3,"33":0,"34":0,"35":3,"36":0,"37":0,"38":0,"39":0,"40":0,"41":0,"42":0,"43":0,"44":0,"45":0,"46":0,"47":3,"48":0,"49":0,"50":0,"51":0,"52":0,"53":0,"54":0,"55":0,"56":0,"57":0,"58":0,"59":3,"60":0,"61":0,"62":0,"63":0,"64":0},"f":{"0":3,"1":3,"2":0,"3":0,"4":0,"5":0,"6":0,"7":0,"8":3,"9":0,"10":0,"11":0,"12":0,"13":0,"14":0,"15":0,"16":0,"17":0,"18":0,"19":0,"20":0,"21":0,"22":0,"23":0,"24":0,"25":0,"26":0,"27":0,"28":0,"29":0,"30":0,"31":0,"32":0,"33":0},"b":{"0":[0,0],"1":[0,0],"2":[3,0],"3":[3,0],"4":[3,0],"5":[0,0],"6":[0,0],"7":[3,3],"8":[3,3,3],"9":[3,0],"10":[0,0]},"_coverageSchema":"1a1c01bbd47fc00a2c39e90264f33305004495a9","hash":"6206e479bf4721ec3973fbc7a7c2d80959ee66d4"}
,"/home/captain/Desktop/VERN/vern_frontend/components/Dashboard.js": {"path":"/home/captain/Desktop/VERN/vern_frontend/components/Dashboard.js","statementMap":{"0":{"start":{"line":11,"column":17},"end":{"line":22,"column":1}},"1":{"start":{"line":25,"column":30},"end":{"line":25,"column":87}},"2":{"start":{"line":25,"column":45},"end":{"line":25,"column":86}},"3":{"start":{"line":27,"column":2},"end":{"line":29,"column":15}},"4":{"start":{"line":28,"column":4},"end":{"line":28,"column":46}},"5":{"start":{"line":31,"column":2},"end":{"line":113,"column":4}},"6":{"start":{"line":52,"column":27},"end":{"line":52,"column":52}},"7":{"start":{"line":118,"column":30},"end":{"line":118,"column":42}},"8":{"start":{"line":119,"column":32},"end":{"line":119,"column":46}},"9":{"start":{"line":120,"column":28},"end":{"line":120,"column":42}},"10":{"start":{"line":122,"column":2},"end":{"line":134,"column":9}},"11":{"start":{"line":123,"column":4},"end":{"line":123,"column":21}},"12":{"start":{"line":124,"column":4},"end":{"line":133,"column":9}},"13":{"start":{"line":125,"column":19},"end":{"line":125,"column":29}},"14":{"start":{"line":127,"column":8},"end":{"line":127,"column":24}},"15":{"start":{"line":128,"column":8},"end":{"line":128,"column":26}},"16":{"start":{"line":131,"column":8},"end":{"line":131,"column":65}},"17":{"start":{"line":132,"column":8},"end":{"line":132,"column":26}},"18":{"start":{"line":136,"column":2},"end":{"line":136,"column":65}},"19":{"start":{"line":136,"column":15},"end":{"line":136,"column":65}},"20":{"start":{"line":137,"column":2},"end":{"line":137,"column":71}},"21":{"start":{"line":137,"column":13},"end":{"line":137,"column":71}},"22":{"start":{"line":138,"column":2},"end":{"line":138,"column":75}},"23":{"start":{"line":138,"column":22},"end":{"line":138,"column":75}},"24":{"start":{"line":140,"column":2},"end":{"line":151,"column":4}},"25":{"start":{"line":145,"column":10},"end":{"line":147,"column":15}}},"fnMap":{"0":{"name":"Dashboard","decl":{"start":{"line":24,"column":24},"end":{"line":24,"column":33}},"loc":{"start":{"line":24,"column":36},"end":{"line":114,"column":1}},"line":24},"1":{"name":"(anonymous_1)","decl":{"start":{"line":25,"column":39},"end":{"line":25,"column":40}},"loc":{"start":{"line":25,"column":45},"end":{"line":25,"column":86}},"line":25},"2":{"name":"(anonymous_2)","decl":{"start":{"line":27,"column":12},"end":{"line":27,"column":13}},"loc":{"start":{"line":27,"column":18},"end":{"line":29,"column":3}},"line":27},"3":{"name":"(anonymous_3)","decl":{"start":{"line":52,"column":22},"end":{"line":52,"column":23}},"loc":{"start":{"line":52,"column":27},"end":{"line":52,"column":52}},"line":52},"4":{"name":"AgentClusterStatus","decl":{"start":{"line":117,"column":9},"end":{"line":117,"column":27}},"loc":{"start":{"line":117,"column":40},"end":{"line":152,"column":1}},"line":117},"5":{"name":"(anonymous_5)","decl":{"start":{"line":122,"column":12},"end":{"line":122,"column":13}},"loc":{"start":{"line":122,"column":18},"end":{"line":134,"column":3}},"line":122},"6":{"name":"(anonymous_6)","decl":{"start":{"line":125,"column":12},"end":{"line":125,"column":13}},"loc":{"start":{"line":125,"column":19},"end":{"line":125,"column":29}},"line":125},"7":{"name":"(anonymous_7)","decl":{"start":{"line":126,"column":12},"end":{"line":126,"column":13}},"loc":{"start":{"line":126,"column":20},"end":{"line":129,"column":7}},"line":126},"8":{"name":"(anonymous_8)","decl":{"start":{"line":130,"column":13},"end":{"line":130,"column":14}},"loc":{"start":{"line":130,"column":20},"end":{"line":133,"column":7}},"line":130},"9":{"name":"(anonymous_9)","decl":{"start":{"line":144,"column":20},"end":{"line":144,"column":21}},"loc":{"start":{"line":145,"column":10},"end":{"line":147,"column":15}},"line":145}},"branchMap":{"0":{"loc":{"start":{"line":25,"column":45},"end":{"line":25,"column":86}},"type":"binary-expr","locations":[{"start":{"line":25,"column":45},"end":{"line":25,"column":78}},{"start":{"line":25,"column":82},"end":{"line":25,"column":86}}],"line":25},"1":{"loc":{"start":{"line":94,"column":85},"end":{"line":94,"column":124}},"type":"cond-expr","locations":[{"start":{"line":94,"column":103},"end":{"line":94,"column":112}},{"start":{"line":94,"column":115},"end":{"line":94,"column":124}}],"line":94},"2":{"loc":{"start":{"line":131,"column":17},"end":{"line":131,"column":63}},"type":"binary-expr","locations":[{"start":{"line":131,"column":17},"end":{"line":131,"column":28}},{"start":{"line":131,"column":32},"end":{"line":131,"column":63}}],"line":131},"3":{"loc":{"start":{"line":136,"column":2},"end":{"line":136,"column":65}},"type":"if","locations":[{"start":{"line":136,"column":2},"end":{"line":136,"column":65}},{"start":{},"end":{}}],"line":136},"4":{"loc":{"start":{"line":137,"column":2},"end":{"line":137,"column":71}},"type":"if","locations":[{"start":{"line":137,"column":2},"end":{"line":137,"column":71}},{"start":{},"end":{}}],"line":137},"5":{"loc":{"start":{"line":138,"column":2},"end":{"line":138,"column":75}},"type":"if","locations":[{"start":{"line":138,"column":2},"end":{"line":138,"column":75}},{"start":{},"end":{}}],"line":138},"6":{"loc":{"start":{"line":142,"column":11},"end":{"line":142,"column":82}},"type":"cond-expr","locations":[{"start":{"line":142,"column":29},"end":{"line":142,"column":51}},{"start":{"line":142,"column":54},"end":{"line":142,"column":82}}],"line":142}},"s":{"0":1,"1":3,"2":3,"3":3,"4":3,"5":3,"6":0,"7":3,"8":3,"9":3,"10":3,"11":3,"12":3,"13":0,"14":0,"15":0,"16":0,"17":0,"18":3,"19":3,"20":0,"21":0,"22":0,"23":0,"24":0,"25":0},"f":{"0":3,"1":3,"2":3,"3":0,"4":3,"5":3,"6":0,"7":0,"8":0,"9":0},"b":{"0":[3,1],"1":[3,0],"2":[0,0],"3":[3,0],"4":[0,0],"5":[0,0],"6":[0,0]},"_coverageSchema":"1a1c01bbd47fc00a2c39e90264f33305004495a9","hash":"c17110ccece288256e2da55a8025fd245c3132c8"}
,"/home/captain/Desktop/VERN/vern_frontend/components/HelpPanel.js": {"path":"/home/captain/Desktop/VERN/vern_frontend/components/HelpPanel.js","statementMap":{"0":{"start":{"line":4,"column":2},"end":{"line":46,"column":4}}},"fnMap":{"0":{"name":"HelpPanel","decl":{"start":{"line":3,"column":24},"end":{"line":3,"column":33}},"loc":{"start":{"line":3,"column":36},"end":{"line":47,"column":1}},"line":3}},"branchMap":{},"s":{"0":3},"f":{"0":3},"b":{},"_coverageSchema":"1a1c01bbd47fc00a2c39e90264f33305004495a9","hash":"debaf1d88d7d353ec21d0686a1e3f9a721bff419"}
,"/home/captain/Desktop/VERN/vern_frontend/components/IntegrationManagerPanel.js": {"path":"/home/captain/Desktop/VERN/vern_frontend/components/IntegrationManagerPanel.js","statementMap":{"0":{"start":{"line":4,"column":42},"end":{"line":4,"column":54}},"1":{"start":{"line":5,"column":50},"end":{"line":5,"column":64}},"2":{"start":{"line":6,"column":30},"end":{"line":6,"column":42}},"3":{"start":{"line":7,"column":30},"end":{"line":7,"column":42}},"4":{"start":{"line":8,"column":32},"end":{"line":8,"column":44}},"5":{"start":{"line":10,"column":2},"end":{"line":15,"column":9}},"6":{"start":{"line":11,"column":4},"end":{"line":14,"column":63}},"7":{"start":{"line":12,"column":19},"end":{"line":12,"column":29}},"8":{"start":{"line":14,"column":19},"end":{"line":14,"column":61}},"9":{"start":{"line":17,"column":23},"end":{"line":27,"column":3}},"10":{"start":{"line":18,"column":4},"end":{"line":18,"column":34}},"11":{"start":{"line":19,"column":4},"end":{"line":19,"column":19}},"12":{"start":{"line":20,"column":4},"end":{"line":26,"column":66}},"13":{"start":{"line":21,"column":19},"end":{"line":21,"column":29}},"14":{"start":{"line":23,"column":8},"end":{"line":23,"column":24}},"15":{"start":{"line":24,"column":8},"end":{"line":24,"column":37}},"16":{"start":{"line":26,"column":19},"end":{"line":26,"column":64}},"17":{"start":{"line":29,"column":29},"end":{"line":31,"column":3}},"18":{"start":{"line":30,"column":4},"end":{"line":30,"column":49}},"19":{"start":{"line":30,"column":22},"end":{"line":30,"column":46}},"20":{"start":{"line":33,"column":21},"end":{"line":45,"column":3}},"21":{"start":{"line":34,"column":4},"end":{"line":44,"column":57}},"22":{"start":{"line":39,"column":19},"end":{"line":39,"column":29}},"23":{"start":{"line":41,"column":8},"end":{"line":41,"column":91}},"24":{"start":{"line":42,"column":8},"end":{"line":42,"column":24}},"25":{"start":{"line":44,"column":19},"end":{"line":44,"column":55}},"26":{"start":{"line":47,"column":2},"end":{"line":99,"column":4}},"27":{"start":{"line":53,"column":10},"end":{"line":64,"column":15}},"28":{"start":{"line":61,"column":66},"end":{"line":61,"column":90}},"29":{"start":{"line":71,"column":23},"end":{"line":71,"column":54}},"30":{"start":{"line":73,"column":14},"end":{"line":93,"column":20}},"31":{"start":{"line":79,"column":35},"end":{"line":79,"column":74}},"32":{"start":{"line":85,"column":43},"end":{"line":85,"column":74}}},"fnMap":{"0":{"name":"IntegrationManagerPanel","decl":{"start":{"line":3,"column":9},"end":{"line":3,"column":32}},"loc":{"start":{"line":3,"column":35},"end":{"line":100,"column":1}},"line":3},"1":{"name":"(anonymous_1)","decl":{"start":{"line":10,"column":12},"end":{"line":10,"column":13}},"loc":{"start":{"line":10,"column":18},"end":{"line":15,"column":3}},"line":10},"2":{"name":"(anonymous_2)","decl":{"start":{"line":12,"column":12},"end":{"line":12,"column":13}},"loc":{"start":{"line":12,"column":19},"end":{"line":12,"column":29}},"line":12},"3":{"name":"(anonymous_3)","decl":{"start":{"line":14,"column":13},"end":{"line":14,"column":14}},"loc":{"start":{"line":14,"column":19},"end":{"line":14,"column":61}},"line":14},"4":{"name":"(anonymous_4)","decl":{"start":{"line":17,"column":23},"end":{"line":17,"column":24}},"loc":{"start":{"line":17,"column":35},"end":{"line":27,"column":3}},"line":17},"5":{"name":"(anonymous_5)","decl":{"start":{"line":21,"column":12},"end":{"line":21,"column":13}},"loc":{"start":{"line":21,"column":19},"end":{"line":21,"column":29}},"line":21},"6":{"name":"(anonymous_6)","decl":{"start":{"line":22,"column":12},"end":{"line":22,"column":13}},"loc":{"start":{"line":22,"column":20},"end":{"line":25,"column":7}},"line":22},"7":{"name":"(anonymous_7)","decl":{"start":{"line":26,"column":13},"end":{"line":26,"column":14}},"loc":{"start":{"line":26,"column":19},"end":{"line":26,"column":64}},"line":26},"8":{"name":"(anonymous_8)","decl":{"start":{"line":29,"column":29},"end":{"line":29,"column":30}},"loc":{"start":{"line":29,"column":45},"end":{"line":31,"column":3}},"line":29},"9":{"name":"(anonymous_9)","decl":{"start":{"line":30,"column":14},"end":{"line":30,"column":15}},"loc":{"start":{"line":30,"column":22},"end":{"line":30,"column":46}},"line":30},"10":{"name":"(anonymous_10)","decl":{"start":{"line":33,"column":21},"end":{"line":33,"column":22}},"loc":{"start":{"line":33,"column":27},"end":{"line":45,"column":3}},"line":33},"11":{"name":"(anonymous_11)","decl":{"start":{"line":39,"column":12},"end":{"line":39,"column":13}},"loc":{"start":{"line":39,"column":19},"end":{"line":39,"column":29}},"line":39},"12":{"name":"(anonymous_12)","decl":{"start":{"line":40,"column":12},"end":{"line":40,"column":13}},"loc":{"start":{"line":40,"column":20},"end":{"line":43,"column":7}},"line":40},"13":{"name":"(anonymous_13)","decl":{"start":{"line":44,"column":13},"end":{"line":44,"column":14}},"loc":{"start":{"line":44,"column":19},"end":{"line":44,"column":55}},"line":44},"14":{"name":"(anonymous_14)","decl":{"start":{"line":52,"column":26},"end":{"line":52,"column":27}},"loc":{"start":{"line":53,"column":10},"end":{"line":64,"column":15}},"line":53},"15":{"name":"(anonymous_15)","decl":{"start":{"line":61,"column":60},"end":{"line":61,"column":61}},"loc":{"start":{"line":61,"column":66},"end":{"line":61,"column":90}},"line":61},"16":{"name":"(anonymous_16)","decl":{"start":{"line":71,"column":18},"end":{"line":71,"column":19}},"loc":{"start":{"line":71,"column":23},"end":{"line":71,"column":54}},"line":71},"17":{"name":"(anonymous_17)","decl":{"start":{"line":72,"column":31},"end":{"line":72,"column":32}},"loc":{"start":{"line":73,"column":14},"end":{"line":93,"column":20}},"line":73},"18":{"name":"(anonymous_18)","decl":{"start":{"line":79,"column":30},"end":{"line":79,"column":31}},"loc":{"start":{"line":79,"column":35},"end":{"line":79,"column":74}},"line":79},"19":{"name":"(anonymous_19)","decl":{"start":{"line":85,"column":38},"end":{"line":85,"column":39}},"loc":{"start":{"line":85,"column":43},"end":{"line":85,"column":74}},"line":85}},"branchMap":{"0":{"loc":{"start":{"line":24,"column":18},"end":{"line":24,"column":35}},"type":"binary-expr","locations":[{"start":{"line":24,"column":18},"end":{"line":24,"column":29}},{"start":{"line":24,"column":33},"end":{"line":24,"column":35}}],"line":24},"1":{"loc":{"start":{"line":41,"column":19},"end":{"line":41,"column":89}},"type":"cond-expr","locations":[{"start":{"line":41,"column":37},"end":{"line":41,"column":62}},{"start":{"line":41,"column":65},"end":{"line":41,"column":89}}],"line":41},"2":{"loc":{"start":{"line":50,"column":7},"end":{"line":50,"column":85}},"type":"binary-expr","locations":[{"start":{"line":50,"column":7},"end":{"line":50,"column":14}},{"start":{"line":50,"column":18},"end":{"line":50,"column":85}}],"line":50},"3":{"loc":{"start":{"line":55,"column":54},"end":{"line":55,"column":87}},"type":"cond-expr","locations":[{"start":{"line":55,"column":69},"end":{"line":55,"column":76}},{"start":{"line":55,"column":79},"end":{"line":55,"column":87}}],"line":55},"4":{"loc":{"start":{"line":56,"column":15},"end":{"line":56,"column":61}},"type":"cond-expr","locations":[{"start":{"line":56,"column":30},"end":{"line":56,"column":42}},{"start":{"line":56,"column":45},"end":{"line":56,"column":61}}],"line":56},"5":{"loc":{"start":{"line":67,"column":7},"end":{"line":97,"column":7}},"type":"binary-expr","locations":[{"start":{"line":67,"column":7},"end":{"line":67,"column":23}},{"start":{"line":68,"column":8},"end":{"line":96,"column":14}}],"line":67},"6":{"loc":{"start":{"line":78,"column":27},"end":{"line":78,"column":44}},"type":"binary-expr","locations":[{"start":{"line":78,"column":27},"end":{"line":78,"column":38}},{"start":{"line":78,"column":42},"end":{"line":78,"column":44}}],"line":78}},"s":{"0":3,"1":3,"2":3,"3":3,"4":3,"5":3,"6":3,"7":0,"8":0,"9":3,"10":0,"11":0,"12":0,"13":0,"14":0,"15":0,"16":0,"17":3,"18":0,"19":0,"20":3,"21":0,"22":0,"23":0,"24":0,"25":0,"26":3,"27":0,"28":0,"29":0,"30":0,"31":0,"32":0},"f":{"0":3,"1":3,"2":0,"3":0,"4":0,"5":0,"6":0,"7":0,"8":0,"9":0,"10":0,"11":0,"12":0,"13":0,"14":0,"15":0,"16":0,"17":0,"18":0,"19":0},"b":{"0":[0,0],"1":[0,0],"2":[3,0],"3":[0,0],"4":[0,0],"5":[3,0],"6":[0,0]},"_coverageSchema":"1a1c01bbd47fc00a2c39e90264f33305004495a9","hash":"5e5498bd81573018db914f7d5ff1d96d0a5858ae"}
,"/home/captain/Desktop/VERN/vern_frontend/components/OnboardingPanel.js": {"path":"/home/captain/Desktop/VERN/vern_frontend/components/OnboardingPanel.js","statementMap":{"0":{"start":{"line":5,"column":17},"end":{"line":36,"column":1}},"1":{"start":{"line":39,"column":30},"end":{"line":39,"column":87}},"2":{"start":{"line":39,"column":45},"end":{"line":39,"column":86}},"3":{"start":{"line":40,"column":36},"end":{"line":42,"column":3}},"4":{"start":{"line":41,"column":4},"end":{"line":41,"column":77}},"5":{"start":{"line":41,"column":62},"end":{"line":41,"column":75}},"6":{"start":{"line":43,"column":34},"end":{"line":43,"column":46}},"7":{"start":{"line":44,"column":36},"end":{"line":44,"column":51}},"8":{"start":{"line":46,"column":2},"end":{"line":49,"column":15}},"9":{"start":{"line":48,"column":4},"end":{"line":48,"column":92}},"10":{"start":{"line":48,"column":75},"end":{"line":48,"column":88}},"11":{"start":{"line":52,"column":4},"end":{"line":52,"column":61}},"12":{"start":{"line":56,"column":4},"end":{"line":56,"column":23}},"13":{"start":{"line":57,"column":4},"end":{"line":57,"column":20}},"14":{"start":{"line":60,"column":2},"end":{"line":153,"column":4}},"15":{"start":{"line":70,"column":27},"end":{"line":70,"column":52}},"16":{"start":{"line":87,"column":12},"end":{"line":126,"column":17}},"17":{"start":{"line":92,"column":34},"end":{"line":92,"column":51}},"18":{"start":{"line":141,"column":29},"end":{"line":141,"column":56}},"19":{"start":{"line":158,"column":32},"end":{"line":158,"column":51}},"20":{"start":{"line":159,"column":34},"end":{"line":159,"column":46}},"21":{"start":{"line":160,"column":30},"end":{"line":160,"column":45}},"22":{"start":{"line":161,"column":32},"end":{"line":161,"column":44}},"23":{"start":{"line":164,"column":4},"end":{"line":164,"column":20}},"24":{"start":{"line":165,"column":4},"end":{"line":165,"column":19}},"25":{"start":{"line":166,"column":4},"end":{"line":176,"column":5}},"26":{"start":{"line":167,"column":18},"end":{"line":171,"column":8}},"27":{"start":{"line":172,"column":19},"end":{"line":172,"column":35}},"28":{"start":{"line":173,"column":6},"end":{"line":173,"column":94}},"29":{"start":{"line":175,"column":6},"end":{"line":175,"column":44}},"30":{"start":{"line":177,"column":4},"end":{"line":177,"column":21}},"31":{"start":{"line":180,"column":2},"end":{"line":214,"column":4}},"32":{"start":{"line":187,"column":25},"end":{"line":187,"column":52}},"33":{"start":{"line":193,"column":47},"end":{"line":193,"column":73}}},"fnMap":{"0":{"name":"OnboardingPanel","decl":{"start":{"line":38,"column":24},"end":{"line":38,"column":39}},"loc":{"start":{"line":38,"column":42},"end":{"line":154,"column":1}},"line":38},"1":{"name":"(anonymous_1)","decl":{"start":{"line":39,"column":39},"end":{"line":39,"column":40}},"loc":{"start":{"line":39,"column":45},"end":{"line":39,"column":86}},"line":39},"2":{"name":"(anonymous_2)","decl":{"start":{"line":40,"column":45},"end":{"line":40,"column":46}},"loc":{"start":{"line":41,"column":4},"end":{"line":41,"column":77}},"line":41},"3":{"name":"(anonymous_3)","decl":{"start":{"line":41,"column":54},"end":{"line":41,"column":55}},"loc":{"start":{"line":41,"column":62},"end":{"line":41,"column":75}},"line":41},"4":{"name":"(anonymous_4)","decl":{"start":{"line":46,"column":12},"end":{"line":46,"column":13}},"loc":{"start":{"line":46,"column":18},"end":{"line":49,"column":3}},"line":46},"5":{"name":"(anonymous_5)","decl":{"start":{"line":48,"column":67},"end":{"line":48,"column":68}},"loc":{"start":{"line":48,"column":75},"end":{"line":48,"column":88}},"line":48},"6":{"name":"handleCheck","decl":{"start":{"line":51,"column":11},"end":{"line":51,"column":22}},"loc":{"start":{"line":51,"column":29},"end":{"line":53,"column":3}},"line":51},"7":{"name":"handleSubmit","decl":{"start":{"line":55,"column":11},"end":{"line":55,"column":23}},"loc":{"start":{"line":55,"column":26},"end":{"line":58,"column":3}},"line":55},"8":{"name":"(anonymous_8)","decl":{"start":{"line":70,"column":22},"end":{"line":70,"column":23}},"loc":{"start":{"line":70,"column":27},"end":{"line":70,"column":52}},"line":70},"9":{"name":"(anonymous_9)","decl":{"start":{"line":86,"column":42},"end":{"line":86,"column":43}},"loc":{"start":{"line":87,"column":12},"end":{"line":126,"column":17}},"line":87},"10":{"name":"(anonymous_10)","decl":{"start":{"line":92,"column":28},"end":{"line":92,"column":29}},"loc":{"start":{"line":92,"column":34},"end":{"line":92,"column":51}},"line":92},"11":{"name":"(anonymous_11)","decl":{"start":{"line":141,"column":24},"end":{"line":141,"column":25}},"loc":{"start":{"line":141,"column":29},"end":{"line":141,"column":56}},"line":141},"12":{"name":"PersonaSetup","decl":{"start":{"line":157,"column":9},"end":{"line":157,"column":21}},"loc":{"start":{"line":157,"column":34},"end":{"line":215,"column":1}},"line":157},"13":{"name":"saveOnboarding","decl":{"start":{"line":163,"column":17},"end":{"line":163,"column":31}},"loc":{"start":{"line":163,"column":34},"end":{"line":178,"column":3}},"line":163},"14":{"name":"(anonymous_14)","decl":{"start":{"line":187,"column":20},"end":{"line":187,"column":21}},"loc":{"start":{"line":187,"column":25},"end":{"line":187,"column":52}},"line":187},"15":{"name":"(anonymous_15)","decl":{"start":{"line":193,"column":42},"end":{"line":193,"column":43}},"loc":{"start":{"line":193,"column":47},"end":{"line":193,"column":73}},"line":193}},"branchMap":{"0":{"loc":{"start":{"line":39,"column":45},"end":{"line":39,"column":86}},"type":"binary-expr","locations":[{"start":{"line":39,"column":45},"end":{"line":39,"column":78}},{"start":{"line":39,"column":82},"end":{"line":39,"column":86}}],"line":39},"1":{"loc":{"start":{"line":100,"column":20},"end":{"line":110,"column":27}},"type":"cond-expr","locations":[{"start":{"line":101,"column":24},"end":{"line":101,"column":36}},{"start":{"line":102,"column":24},"end":{"line":110,"column":27}}],"line":100},"2":{"loc":{"start":{"line":102,"column":24},"end":{"line":110,"column":27}},"type":"cond-expr","locations":[{"start":{"line":103,"column":24},"end":{"line":103,"column":31}},{"start":{"line":104,"column":24},"end":{"line":110,"column":27}}],"line":102},"3":{"loc":{"start":{"line":104,"column":24},"end":{"line":110,"column":27}},"type":"cond-expr","locations":[{"start":{"line":105,"column":24},"end":{"line":105,"column":109}},{"start":{"line":106,"column":24},"end":{"line":110,"column":27}}],"line":104},"4":{"loc":{"start":{"line":106,"column":24},"end":{"line":110,"column":27}},"type":"cond-expr","locations":[{"start":{"line":107,"column":24},"end":{"line":107,"column":77}},{"start":{"line":108,"column":24},"end":{"line":110,"column":27}}],"line":106},"5":{"loc":{"start":{"line":108,"column":24},"end":{"line":110,"column":27}},"type":"cond-expr","locations":[{"start":{"line":109,"column":24},"end":{"line":109,"column":57}},{"start":{"line":110,"column":24},"end":{"line":110,"column":27}}],"line":108},"6":{"loc":{"start":{"line":131,"column":9},"end":{"line":135,"column":9}},"type":"binary-expr","locations":[{"start":{"line":131,"column":9},"end":{"line":131,"column":48}},{"start":{"line":132,"column":10},"end":{"line":134,"column":16}}],"line":131},"7":{"loc":{"start":{"line":149,"column":11},"end":{"line":149,"column":142}},"type":"binary-expr","locations":[{"start":{"line":149,"column":11},"end":{"line":149,"column":20}},{"start":{"line":149,"column":24},"end":{"line":149,"column":142}}],"line":149},"8":{"loc":{"start":{"line":173,"column":17},"end":{"line":173,"column":92}},"type":"cond-expr","locations":[{"start":{"line":173,"column":45},"end":{"line":173,"column":64}},{"start":{"line":173,"column":67},"end":{"line":173,"column":92}}],"line":173},"9":{"loc":{"start":{"line":183,"column":12},"end":{"line":183,"column":64}},"type":"cond-expr","locations":[{"start":{"line":183,"column":30},"end":{"line":183,"column":41}},{"start":{"line":183,"column":44},"end":{"line":183,"column":64}}],"line":183},"10":{"loc":{"start":{"line":192,"column":12},"end":{"line":192,"column":71}},"type":"cond-expr","locations":[{"start":{"line":192,"column":30},"end":{"line":192,"column":47}},{"start":{"line":192,"column":50},"end":{"line":192,"column":71}}],"line":192},"11":{"loc":{"start":{"line":194,"column":35},"end":{"line":194,"column":78}},"type":"cond-expr","locations":[{"start":{"line":194,"column":53},"end":{"line":194,"column":62}},{"start":{"line":194,"column":65},"end":{"line":194,"column":78}}],"line":194},"12":{"loc":{"start":{"line":195,"column":33},"end":{"line":195,"column":89}},"type":"cond-expr","locations":[{"start":{"line":195,"column":51},"end":{"line":195,"column":65}},{"start":{"line":195,"column":68},"end":{"line":195,"column":89}}],"line":195},"13":{"loc":{"start":{"line":196,"column":33},"end":{"line":196,"column":91}},"type":"cond-expr","locations":[{"start":{"line":196,"column":51},"end":{"line":196,"column":70}},{"start":{"line":196,"column":73},"end":{"line":196,"column":91}}],"line":196},"14":{"loc":{"start":{"line":197,"column":39},"end":{"line":197,"column":100}},"type":"cond-expr","locations":[{"start":{"line":197,"column":57},"end":{"line":197,"column":76}},{"start":{"line":197,"column":79},"end":{"line":197,"column":100}}],"line":197},"15":{"loc":{"start":{"line":200,"column":49},"end":{"line":200,"column":68}},"type":"binary-expr","locations":[{"start":{"line":200,"column":49},"end":{"line":200,"column":55}},{"start":{"line":200,"column":59},"end":{"line":200,"column":68}}],"line":200},"16":{"loc":{"start":{"line":201,"column":9},"end":{"line":201,"column":79}},"type":"cond-expr","locations":[{"start":{"line":201,"column":18},"end":{"line":201,"column":29}},{"start":{"line":201,"column":32},"end":{"line":201,"column":79}}],"line":201},"17":{"loc":{"start":{"line":201,"column":32},"end":{"line":201,"column":79}},"type":"cond-expr","locations":[{"start":{"line":201,"column":50},"end":{"line":201,"column":67}},{"start":{"line":201,"column":70},"end":{"line":201,"column":79}}],"line":201},"18":{"loc":{"start":{"line":203,"column":7},"end":{"line":207,"column":7}},"type":"binary-expr","locations":[{"start":{"line":203,"column":7},"end":{"line":203,"column":14}},{"start":{"line":204,"column":8},"end":{"line":206,"column":14}}],"line":203},"19":{"loc":{"start":{"line":204,"column":50},"end":{"line":204,"column":95}},"type":"cond-expr","locations":[{"start":{"line":204,"column":80},"end":{"line":204,"column":85}},{"start":{"line":204,"column":88},"end":{"line":204,"column":95}}],"line":204},"20":{"loc":{"start":{"line":208,"column":7},"end":{"line":212,"column":7}},"type":"binary-expr","locations":[{"start":{"line":208,"column":7},"end":{"line":208,"column":34}},{"start":{"line":209,"column":8},"end":{"line":211,"column":14}}],"line":208}},"s":{"0":1,"1":11,"2":3,"3":11,"4":3,"5":15,"6":11,"7":11,"8":11,"9":3,"10":15,"11":5,"12":0,"13":0,"14":11,"15":0,"16":55,"17":5,"18":0,"19":11,"20":11,"21":11,"22":11,"23":0,"24":0,"25":0,"26":0,"27":0,"28":0,"29":0,"30":0,"31":11,"32":0,"33":0},"f":{"0":11,"1":3,"2":3,"3":15,"4":3,"5":15,"6":5,"7":0,"8":0,"9":55,"10":5,"11":0,"12":11,"13":0,"14":0,"15":0},"b":{"0":[3,1],"1":[11,44],"2":[11,33],"3":[11,22],"4":[11,11],"5":[11,0],"6":[11,1],"7":[11,0],"8":[0,0],"9":[11,0],"10":[11,0],"11":[11,0],"12":[11,0],"13":[11,0],"14":[11,0],"15":[11,11],"16":[0,11],"17":[11,0],"18":[11,0],"19":[0,0],"20":[11,0]},"_coverageSchema":"1a1c01bbd47fc00a2c39e90264f33305004495a9","hash":"ef9dd659339e0bf38fdffe694587efffe8ead153"}
,"/home/captain/Desktop/VERN/vern_frontend/components/PluginMarketplacePanel.js": {"path":"/home/captain/Desktop/VERN/vern_frontend/components/PluginMarketplacePanel.js","statementMap":{"0":{"start":{"line":4,"column":32},"end":{"line":4,"column":44}},"1":{"start":{"line":5,"column":28},"end":{"line":5,"column":40}},"2":{"start":{"line":6,"column":32},"end":{"line":6,"column":44}},"3":{"start":{"line":7,"column":40},"end":{"line":7,"column":79}},"4":{"start":{"line":8,"column":44},"end":{"line":8,"column":56}},"5":{"start":{"line":11,"column":2},"end":{"line":16,"column":16}},"6":{"start":{"line":12,"column":4},"end":{"line":15,"column":35}},"7":{"start":{"line":13,"column":19},"end":{"line":13,"column":29}},"8":{"start":{"line":14,"column":20},"end":{"line":14,"column":36}},"9":{"start":{"line":15,"column":19},"end":{"line":15,"column":33}},"10":{"start":{"line":19,"column":23},"end":{"line":26,"column":3}},"11":{"start":{"line":20,"column":4},"end":{"line":20,"column":17}},"12":{"start":{"line":21,"column":4},"end":{"line":21,"column":19}},"13":{"start":{"line":22,"column":4},"end":{"line":25,"column":64}},"14":{"start":{"line":23,"column":19},"end":{"line":23,"column":29}},"15":{"start":{"line":24,"column":20},"end":{"line":24,"column":43}},"16":{"start":{"line":25,"column":19},"end":{"line":25,"column":62}},"17":{"start":{"line":29,"column":23},"end":{"line":36,"column":3}},"18":{"start":{"line":30,"column":4},"end":{"line":30,"column":17}},"19":{"start":{"line":31,"column":4},"end":{"line":31,"column":19}},"20":{"start":{"line":32,"column":4},"end":{"line":35,"column":57}},"21":{"start":{"line":33,"column":19},"end":{"line":33,"column":29}},"22":{"start":{"line":34,"column":20},"end":{"line":34,"column":44}},"23":{"start":{"line":35,"column":19},"end":{"line":35,"column":55}},"24":{"start":{"line":39,"column":23},"end":{"line":56,"column":3}},"25":{"start":{"line":40,"column":4},"end":{"line":40,"column":17}},"26":{"start":{"line":41,"column":4},"end":{"line":41,"column":19}},"27":{"start":{"line":43,"column":4},"end":{"line":55,"column":57}},"28":{"start":{"line":53,"column":19},"end":{"line":53,"column":29}},"29":{"start":{"line":54,"column":20},"end":{"line":54,"column":44}},"30":{"start":{"line":55,"column":19},"end":{"line":55,"column":55}},"31":{"start":{"line":59,"column":27},"end":{"line":63,"column":3}},"32":{"start":{"line":60,"column":4},"end":{"line":60,"column":43}},"33":{"start":{"line":61,"column":4},"end":{"line":61,"column":50}},"34":{"start":{"line":65,"column":2},"end":{"line":256,"column":4}},"35":{"start":{"line":76,"column":14},"end":{"line":174,"column":20}},"36":{"start":{"line":122,"column":35},"end":{"line":122,"column":77}},"37":{"start":{"line":135,"column":35},"end":{"line":135,"column":60}},"38":{"start":{"line":148,"column":35},"end":{"line":148,"column":60}},"39":{"start":{"line":161,"column":35},"end":{"line":161,"column":73}},"40":{"start":{"line":192,"column":27},"end":{"line":192,"column":72}},"41":{"start":{"line":203,"column":28},"end":{"line":203,"column":47}},"42":{"start":{"line":213,"column":20},"end":{"line":219,"column":23}},"43":{"start":{"line":213,"column":46},"end":{"line":219,"column":21}},"44":{"start":{"line":225,"column":31},"end":{"line":225,"column":72}},"45":{"start":{"line":239,"column":31},"end":{"line":239,"column":76}}},"fnMap":{"0":{"name":"PluginMarketplacePanel","decl":{"start":{"line":3,"column":24},"end":{"line":3,"column":46}},"loc":{"start":{"line":3,"column":49},"end":{"line":257,"column":1}},"line":3},"1":{"name":"(anonymous_1)","decl":{"start":{"line":11,"column":12},"end":{"line":11,"column":13}},"loc":{"start":{"line":11,"column":18},"end":{"line":16,"column":3}},"line":11},"2":{"name":"(anonymous_2)","decl":{"start":{"line":13,"column":12},"end":{"line":13,"column":13}},"loc":{"start":{"line":13,"column":19},"end":{"line":13,"column":29}},"line":13},"3":{"name":"(anonymous_3)","decl":{"start":{"line":14,"column":12},"end":{"line":14,"column":13}},"loc":{"start":{"line":14,"column":20},"end":{"line":14,"column":36}},"line":14},"4":{"name":"(anonymous_4)","decl":{"start":{"line":15,"column":13},"end":{"line":15,"column":14}},"loc":{"start":{"line":15,"column":19},"end":{"line":15,"column":33}},"line":15},"5":{"name":"(anonymous_5)","decl":{"start":{"line":19,"column":23},"end":{"line":19,"column":24}},"loc":{"start":{"line":19,"column":41},"end":{"line":26,"column":3}},"line":19},"6":{"name":"(anonymous_6)","decl":{"start":{"line":23,"column":12},"end":{"line":23,"column":13}},"loc":{"start":{"line":23,"column":19},"end":{"line":23,"column":29}},"line":23},"7":{"name":"(anonymous_7)","decl":{"start":{"line":24,"column":12},"end":{"line":24,"column":13}},"loc":{"start":{"line":24,"column":20},"end":{"line":24,"column":43}},"line":24},"8":{"name":"(anonymous_8)","decl":{"start":{"line":25,"column":13},"end":{"line":25,"column":14}},"loc":{"start":{"line":25,"column":19},"end":{"line":25,"column":62}},"line":25},"9":{"name":"(anonymous_9)","decl":{"start":{"line":29,"column":23},"end":{"line":29,"column":24}},"loc":{"start":{"line":29,"column":31},"end":{"line":36,"column":3}},"line":29},"10":{"name":"(anonymous_10)","decl":{"start":{"line":33,"column":12},"end":{"line":33,"column":13}},"loc":{"start":{"line":33,"column":19},"end":{"line":33,"column":29}},"line":33},"11":{"name":"(anonymous_11)","decl":{"start":{"line":34,"column":12},"end":{"line":34,"column":13}},"loc":{"start":{"line":34,"column":20},"end":{"line":34,"column":44}},"line":34},"12":{"name":"(anonymous_12)","decl":{"start":{"line":35,"column":13},"end":{"line":35,"column":14}},"loc":{"start":{"line":35,"column":19},"end":{"line":35,"column":55}},"line":35},"13":{"name":"(anonymous_13)","decl":{"start":{"line":39,"column":23},"end":{"line":39,"column":24}},"loc":{"start":{"line":39,"column":31},"end":{"line":56,"column":3}},"line":39},"14":{"name":"(anonymous_14)","decl":{"start":{"line":53,"column":12},"end":{"line":53,"column":13}},"loc":{"start":{"line":53,"column":19},"end":{"line":53,"column":29}},"line":53},"15":{"name":"(anonymous_15)","decl":{"start":{"line":54,"column":12},"end":{"line":54,"column":13}},"loc":{"start":{"line":54,"column":20},"end":{"line":54,"column":44}},"line":54},"16":{"name":"(anonymous_16)","decl":{"start":{"line":55,"column":13},"end":{"line":55,"column":14}},"loc":{"start":{"line":55,"column":19},"end":{"line":55,"column":55}},"line":55},"17":{"name":"(anonymous_17)","decl":{"start":{"line":59,"column":27},"end":{"line":59,"column":28}},"loc":{"start":{"line":59,"column":35},"end":{"line":63,"column":3}},"line":59},"18":{"name":"(anonymous_18)","decl":{"start":{"line":75,"column":25},"end":{"line":75,"column":26}},"loc":{"start":{"line":76,"column":14},"end":{"line":174,"column":20}},"line":76},"19":{"name":"(anonymous_19)","decl":{"start":{"line":122,"column":29},"end":{"line":122,"column":30}},"loc":{"start":{"line":122,"column":35},"end":{"line":122,"column":77}},"line":122},"20":{"name":"(anonymous_20)","decl":{"start":{"line":135,"column":29},"end":{"line":135,"column":30}},"loc":{"start":{"line":135,"column":35},"end":{"line":135,"column":60}},"line":135},"21":{"name":"(anonymous_21)","decl":{"start":{"line":148,"column":29},"end":{"line":148,"column":30}},"loc":{"start":{"line":148,"column":35},"end":{"line":148,"column":60}},"line":148},"22":{"name":"(anonymous_22)","decl":{"start":{"line":161,"column":29},"end":{"line":161,"column":30}},"loc":{"start":{"line":161,"column":35},"end":{"line":161,"column":73}},"line":161},"23":{"name":"(anonymous_23)","decl":{"start":{"line":192,"column":21},"end":{"line":192,"column":22}},"loc":{"start":{"line":192,"column":27},"end":{"line":192,"column":72}},"line":192},"24":{"name":"(anonymous_24)","decl":{"start":{"line":203,"column":23},"end":{"line":203,"column":24}},"loc":{"start":{"line":203,"column":28},"end":{"line":203,"column":47}},"line":203},"25":{"name":"(anonymous_25)","decl":{"start":{"line":212,"column":28},"end":{"line":212,"column":29}},"loc":{"start":{"line":213,"column":20},"end":{"line":219,"column":23}},"line":213},"26":{"name":"(anonymous_26)","decl":{"start":{"line":213,"column":37},"end":{"line":213,"column":38}},"loc":{"start":{"line":213,"column":46},"end":{"line":219,"column":21}},"line":213},"27":{"name":"(anonymous_27)","decl":{"start":{"line":225,"column":25},"end":{"line":225,"column":26}},"loc":{"start":{"line":225,"column":31},"end":{"line":225,"column":72}},"line":225},"28":{"name":"(anonymous_28)","decl":{"start":{"line":239,"column":25},"end":{"line":239,"column":26}},"loc":{"start":{"line":239,"column":31},"end":{"line":239,"column":76}},"line":239}},"branchMap":{"0":{"loc":{"start":{"line":22,"column":30},"end":{"line":22,"column":59}},"type":"cond-expr","locations":[{"start":{"line":22,"column":39},"end":{"line":22,"column":47}},{"start":{"line":22,"column":50},"end":{"line":22,"column":59}}],"line":22},"1":{"loc":{"start":{"line":68,"column":7},"end":{"line":68,"column":88}},"type":"binary-expr","locations":[{"start":{"line":68,"column":7},"end":{"line":68,"column":12}},{"start":{"line":68,"column":16},"end":{"line":68,"column":88}}],"line":68},"2":{"loc":{"start":{"line":69,"column":7},"end":{"line":69,"column":87}},"type":"binary-expr","locations":[{"start":{"line":69,"column":7},"end":{"line":69,"column":14}},{"start":{"line":69,"column":18},"end":{"line":69,"column":87}}],"line":69},"3":{"loc":{"start":{"line":71,"column":9},"end":{"line":177,"column":9}},"type":"cond-expr","locations":[{"start":{"line":72,"column":10},"end":{"line":72,"column":38}},{"start":{"line":74,"column":10},"end":{"line":176,"column":16}}],"line":71},"4":{"loc":{"start":{"line":87,"column":30},"end":{"line":87,"column":68}},"type":"cond-expr","locations":[{"start":{"line":87,"column":47},"end":{"line":87,"column":56}},{"start":{"line":87,"column":59},"end":{"line":87,"column":68}}],"line":87},"5":{"loc":{"start":{"line":112,"column":34},"end":{"line":112,"column":72}},"type":"cond-expr","locations":[{"start":{"line":112,"column":51},"end":{"line":112,"column":60}},{"start":{"line":112,"column":63},"end":{"line":112,"column":72}}],"line":112},"6":{"loc":{"start":{"line":113,"column":29},"end":{"line":113,"column":61}},"type":"cond-expr","locations":[{"start":{"line":113,"column":46},"end":{"line":113,"column":52}},{"start":{"line":113,"column":55},"end":{"line":113,"column":61}}],"line":113},"7":{"loc":{"start":{"line":117,"column":21},"end":{"line":117,"column":60}},"type":"cond-expr","locations":[{"start":{"line":117,"column":38},"end":{"line":117,"column":47}},{"start":{"line":117,"column":50},"end":{"line":117,"column":60}}],"line":117},"8":{"loc":{"start":{"line":124,"column":34},"end":{"line":124,"column":72}},"type":"cond-expr","locations":[{"start":{"line":124,"column":51},"end":{"line":124,"column":60}},{"start":{"line":124,"column":63},"end":{"line":124,"column":72}}],"line":124},"9":{"loc":{"start":{"line":125,"column":29},"end":{"line":125,"column":61}},"type":"cond-expr","locations":[{"start":{"line":125,"column":46},"end":{"line":125,"column":52}},{"start":{"line":125,"column":55},"end":{"line":125,"column":61}}],"line":125},"10":{"loc":{"start":{"line":132,"column":21},"end":{"line":132,"column":58}},"type":"cond-expr","locations":[{"start":{"line":132,"column":38},"end":{"line":132,"column":47}},{"start":{"line":132,"column":50},"end":{"line":132,"column":58}}],"line":132},"11":{"loc":{"start":{"line":178,"column":9},"end":{"line":253,"column":9}},"type":"binary-expr","locations":[{"start":{"line":178,"column":9},"end":{"line":178,"column":25}},{"start":{"line":179,"column":10},"end":{"line":252,"column":16}}],"line":178},"12":{"loc":{"start":{"line":211,"column":25},"end":{"line":211,"column":77}},"type":"binary-expr","locations":[{"start":{"line":211,"column":25},"end":{"line":211,"column":71}},{"start":{"line":211,"column":75},"end":{"line":211,"column":77}}],"line":211}},"s":{"0":3,"1":3,"2":3,"3":3,"4":3,"5":3,"6":3,"7":0,"8":0,"9":0,"10":3,"11":0,"12":0,"13":0,"14":0,"15":0,"16":0,"17":3,"18":0,"19":0,"20":0,"21":0,"22":0,"23":0,"24":3,"25":0,"26":0,"27":0,"28":0,"29":0,"30":0,"31":3,"32":0,"33":0,"34":3,"35":0,"36":0,"37":0,"38":0,"39":0,"40":0,"41":0,"42":0,"43":0,"44":0,"45":0},"f":{"0":3,"1":3,"2":0,"3":0,"4":0,"5":0,"6":0,"7":0,"8":0,"9":0,"10":0,"11":0,"12":0,"13":0,"14":0,"15":0,"16":0,"17":0,"18":0,"19":0,"20":0,"21":0,"22":0,"23":0,"24":0,"25":0,"26":0,"27":0,"28":0},"b":{"0":[0,0],"1":[3,0],"2":[3,0],"3":[3,0],"4":[0,0],"5":[0,0],"6":[0,0],"7":[0,0],"8":[0,0],"9":[0,0],"10":[0,0],"11":[3,0],"12":[0,0]},"_coverageSchema":"1a1c01bbd47fc00a2c39e90264f33305004495a9","hash":"fd8c1db3645c96c8eb75bcb3413318cc149dd476"}
,"/home/captain/Desktop/VERN/vern_frontend/components/WorkflowEditorPanel.js": {"path":"/home/captain/Desktop/VERN/vern_frontend/components/WorkflowEditorPanel.js","statementMap":{"0":{"start":{"line":4,"column":36},"end":{"line":4,"column":48}},"1":{"start":{"line":5,"column":42},"end":{"line":5,"column":54}},"2":{"start":{"line":6,"column":28},"end":{"line":6,"column":64}},"3":{"start":{"line":7,"column":36},"end":{"line":7,"column":50}},"4":{"start":{"line":8,"column":28},"end":{"line":8,"column":40}},"5":{"start":{"line":9,"column":32},"end":{"line":9,"column":44}},"6":{"start":{"line":12,"column":2},"end":{"line":17,"column":16}},"7":{"start":{"line":13,"column":4},"end":{"line":16,"column":37}},"8":{"start":{"line":14,"column":19},"end":{"line":14,"column":29}},"9":{"start":{"line":15,"column":20},"end":{"line":15,"column":38}},"10":{"start":{"line":16,"column":19},"end":{"line":16,"column":35}},"11":{"start":{"line":20,"column":18},"end":{"line":22,"column":3}},"12":{"start":{"line":21,"column":4},"end":{"line":21,"column":51}},"13":{"start":{"line":25,"column":21},"end":{"line":30,"column":3}},"14":{"start":{"line":26,"column":21},"end":{"line":28,"column":5}},"15":{"start":{"line":27,"column":6},"end":{"line":27,"column":52}},"16":{"start":{"line":29,"column":4},"end":{"line":29,"column":23}},"17":{"start":{"line":33,"column":25},"end":{"line":52,"column":3}},"18":{"start":{"line":34,"column":4},"end":{"line":34,"column":17}},"19":{"start":{"line":35,"column":4},"end":{"line":35,"column":19}},"20":{"start":{"line":36,"column":4},"end":{"line":51,"column":5}},"21":{"start":{"line":37,"column":18},"end":{"line":41,"column":8}},"22":{"start":{"line":42,"column":19},"end":{"line":42,"column":35}},"23":{"start":{"line":43,"column":6},"end":{"line":43,"column":30}},"24":{"start":{"line":44,"column":6},"end":{"line":44,"column":26}},"25":{"start":{"line":45,"column":6},"end":{"line":45,"column":43}},"26":{"start":{"line":47,"column":6},"end":{"line":47,"column":21}},"27":{"start":{"line":48,"column":6},"end":{"line":48,"column":45}},"28":{"start":{"line":50,"column":6},"end":{"line":50,"column":64}},"29":{"start":{"line":55,"column":22},"end":{"line":66,"column":3}},"30":{"start":{"line":56,"column":4},"end":{"line":56,"column":17}},"31":{"start":{"line":57,"column":4},"end":{"line":57,"column":23}},"32":{"start":{"line":58,"column":4},"end":{"line":65,"column":57}},"33":{"start":{"line":63,"column":19},"end":{"line":63,"column":29}},"34":{"start":{"line":64,"column":20},"end":{"line":64,"column":45}},"35":{"start":{"line":65,"column":20},"end":{"line":65,"column":55}},"36":{"start":{"line":68,"column":2},"end":{"line":192,"column":4}},"37":{"start":{"line":81,"column":25},"end":{"line":81,"column":56}},"38":{"start":{"line":98,"column":12},"end":{"line":157,"column":18}},"39":{"start":{"line":102,"column":16},"end":{"line":102,"column":55}},"40":{"start":{"line":105,"column":32},"end":{"line":105,"column":73}},"41":{"start":{"line":106,"column":16},"end":{"line":111,"column":17}},"42":{"start":{"line":107,"column":36},"end":{"line":107,"column":46}},"43":{"start":{"line":108,"column":34},"end":{"line":108,"column":62}},"44":{"start":{"line":109,"column":18},"end":{"line":109,"column":50}},"45":{"start":{"line":110,"column":18},"end":{"line":110,"column":38}},"46":{"start":{"line":113,"column":31},"end":{"line":113,"column":49}},"47":{"start":{"line":128,"column":31},"end":{"line":128,"column":71}},"48":{"start":{"line":135,"column":31},"end":{"line":135,"column":71}},"49":{"start":{"line":161,"column":37},"end":{"line":161,"column":59}},"50":{"start":{"line":170,"column":14},"end":{"line":180,"column":19}},"51":{"start":{"line":174,"column":20},"end":{"line":176,"column":25}},"52":{"start":{"line":179,"column":39},"end":{"line":179,"column":56}}},"fnMap":{"0":{"name":"WorkflowEditorPanel","decl":{"start":{"line":3,"column":24},"end":{"line":3,"column":43}},"loc":{"start":{"line":3,"column":46},"end":{"line":193,"column":1}},"line":3},"1":{"name":"(anonymous_1)","decl":{"start":{"line":12,"column":12},"end":{"line":12,"column":13}},"loc":{"start":{"line":12,"column":18},"end":{"line":17,"column":3}},"line":12},"2":{"name":"(anonymous_2)","decl":{"start":{"line":14,"column":12},"end":{"line":14,"column":13}},"loc":{"start":{"line":14,"column":19},"end":{"line":14,"column":29}},"line":14},"3":{"name":"(anonymous_3)","decl":{"start":{"line":15,"column":12},"end":{"line":15,"column":13}},"loc":{"start":{"line":15,"column":20},"end":{"line":15,"column":38}},"line":15},"4":{"name":"(anonymous_4)","decl":{"start":{"line":16,"column":13},"end":{"line":16,"column":14}},"loc":{"start":{"line":16,"column":19},"end":{"line":16,"column":35}},"line":16},"5":{"name":"(anonymous_5)","decl":{"start":{"line":20,"column":18},"end":{"line":20,"column":19}},"loc":{"start":{"line":20,"column":24},"end":{"line":22,"column":3}},"line":20},"6":{"name":"(anonymous_6)","decl":{"start":{"line":25,"column":21},"end":{"line":25,"column":22}},"loc":{"start":{"line":25,"column":44},"end":{"line":30,"column":3}},"line":25},"7":{"name":"(anonymous_7)","decl":{"start":{"line":26,"column":31},"end":{"line":26,"column":32}},"loc":{"start":{"line":27,"column":6},"end":{"line":27,"column":52}},"line":27},"8":{"name":"(anonymous_8)","decl":{"start":{"line":33,"column":25},"end":{"line":33,"column":26}},"loc":{"start":{"line":33,"column":37},"end":{"line":52,"column":3}},"line":33},"9":{"name":"(anonymous_9)","decl":{"start":{"line":55,"column":22},"end":{"line":55,"column":23}},"loc":{"start":{"line":55,"column":30},"end":{"line":66,"column":3}},"line":55},"10":{"name":"(anonymous_10)","decl":{"start":{"line":63,"column":12},"end":{"line":63,"column":13}},"loc":{"start":{"line":63,"column":19},"end":{"line":63,"column":29}},"line":63},"11":{"name":"(anonymous_11)","decl":{"start":{"line":64,"column":12},"end":{"line":64,"column":13}},"loc":{"start":{"line":64,"column":20},"end":{"line":64,"column":45}},"line":64},"12":{"name":"(anonymous_12)","decl":{"start":{"line":65,"column":13},"end":{"line":65,"column":14}},"loc":{"start":{"line":65,"column":20},"end":{"line":65,"column":55}},"line":65},"13":{"name":"(anonymous_13)","decl":{"start":{"line":81,"column":20},"end":{"line":81,"column":21}},"loc":{"start":{"line":81,"column":25},"end":{"line":81,"column":56}},"line":81},"14":{"name":"(anonymous_14)","decl":{"start":{"line":97,"column":21},"end":{"line":97,"column":22}},"loc":{"start":{"line":98,"column":12},"end":{"line":157,"column":18}},"line":98},"15":{"name":"(anonymous_15)","decl":{"start":{"line":101,"column":27},"end":{"line":101,"column":28}},"loc":{"start":{"line":101,"column":32},"end":{"line":103,"column":15}},"line":101},"16":{"name":"(anonymous_16)","decl":{"start":{"line":104,"column":22},"end":{"line":104,"column":23}},"loc":{"start":{"line":104,"column":27},"end":{"line":112,"column":15}},"line":104},"17":{"name":"(anonymous_17)","decl":{"start":{"line":113,"column":26},"end":{"line":113,"column":27}},"loc":{"start":{"line":113,"column":31},"end":{"line":113,"column":49}},"line":113},"18":{"name":"(anonymous_18)","decl":{"start":{"line":128,"column":26},"end":{"line":128,"column":27}},"loc":{"start":{"line":128,"column":31},"end":{"line":128,"column":71}},"line":128},"19":{"name":"(anonymous_19)","decl":{"start":{"line":135,"column":26},"end":{"line":135,"column":27}},"loc":{"start":{"line":135,"column":31},"end":{"line":135,"column":71}},"line":135},"20":{"name":"(anonymous_20)","decl":{"start":{"line":161,"column":25},"end":{"line":161,"column":26}},"loc":{"start":{"line":161,"column":37},"end":{"line":161,"column":59}},"line":161},"21":{"name":"(anonymous_21)","decl":{"start":{"line":169,"column":43},"end":{"line":169,"column":44}},"loc":{"start":{"line":170,"column":14},"end":{"line":180,"column":19}},"line":170},"22":{"name":"(anonymous_22)","decl":{"start":{"line":173,"column":29},"end":{"line":173,"column":30}},"loc":{"start":{"line":174,"column":20},"end":{"line":176,"column":25}},"line":174},"23":{"name":"(anonymous_23)","decl":{"start":{"line":179,"column":33},"end":{"line":179,"column":34}},"loc":{"start":{"line":179,"column":39},"end":{"line":179,"column":56}},"line":179}},"branchMap":{"0":{"loc":{"start":{"line":27,"column":6},"end":{"line":27,"column":52}},"type":"cond-expr","locations":[{"start":{"line":27,"column":18},"end":{"line":27,"column":45}},{"start":{"line":27,"column":48},"end":{"line":27,"column":52}}],"line":27},"1":{"loc":{"start":{"line":71,"column":7},"end":{"line":73,"column":90}},"type":"cond-expr","locations":[{"start":{"line":72,"column":10},"end":{"line":72,"column":82}},{"start":{"line":73,"column":10},"end":{"line":73,"column":90}}],"line":71},"2":{"loc":{"start":{"line":73,"column":10},"end":{"line":73,"column":90}},"type":"binary-expr","locations":[{"start":{"line":73,"column":10},"end":{"line":73,"column":17}},{"start":{"line":73,"column":21},"end":{"line":73,"column":90}}],"line":73},"3":{"loc":{"start":{"line":106,"column":16},"end":{"line":111,"column":17}},"type":"if","locations":[{"start":{"line":106,"column":16},"end":{"line":111,"column":17}},{"start":{},"end":{}}],"line":106},"4":{"loc":{"start":{"line":139,"column":15},"end":{"line":152,"column":15}},"type":"binary-expr","locations":[{"start":{"line":139,"column":15},"end":{"line":139,"column":37}},{"start":{"line":140,"column":16},"end":{"line":151,"column":22}}],"line":139},"5":{"loc":{"start":{"line":155,"column":35},"end":{"line":155,"column":150}},"type":"cond-expr","locations":[{"start":{"line":155,"column":62},"end":{"line":155,"column":122}},{"start":{"line":155,"column":125},"end":{"line":155,"column":150}}],"line":155},"6":{"loc":{"start":{"line":155,"column":35},"end":{"line":155,"column":59}},"type":"binary-expr","locations":[{"start":{"line":155,"column":35},"end":{"line":155,"column":45}},{"start":{"line":155,"column":49},"end":{"line":155,"column":59}}],"line":155},"7":{"loc":{"start":{"line":165,"column":9},"end":{"line":183,"column":9}},"type":"cond-expr","locations":[{"start":{"line":166,"column":10},"end":{"line":166,"column":40}},{"start":{"line":168,"column":10},"end":{"line":182,"column":15}}],"line":165},"8":{"loc":{"start":{"line":185,"column":7},"end":{"line":190,"column":7}},"type":"binary-expr","locations":[{"start":{"line":185,"column":7},"end":{"line":185,"column":16}},{"start":{"line":186,"column":8},"end":{"line":189,"column":14}}],"line":185}},"s":{"0":17,"1":17,"2":17,"3":17,"4":17,"5":17,"6":17,"7":7,"8":4,"9":4,"10":0,"11":17,"12":1,"13":17,"14":2,"15":4,"16":2,"17":17,"18":2,"19":2,"20":2,"21":2,"22":1,"23":1,"24":1,"25":1,"26":1,"27":1,"28":1,"29":17,"30":1,"31":1,"32":1,"33":1,"34":1,"35":0,"36":17,"37":0,"38":21,"39":0,"40":0,"41":0,"42":0,"43":0,"44":0,"45":0,"46":0,"47":1,"48":1,"49":2,"50":5,"51":5,"52":1},"f":{"0":17,"1":7,"2":4,"3":4,"4":0,"5":1,"6":2,"7":4,"8":2,"9":1,"10":1,"11":1,"12":0,"13":0,"14":21,"15":0,"16":0,"17":0,"18":1,"19":1,"20":2,"21":5,"22":5,"23":1},"b":{"0":[2,2],"1":[3,14],"2":[14,1],"3":[0,0],"4":[21,4],"5":[2,19],"6":[21,3],"7":[12,5],"8":[17,1]},"_coverageSchema":"1a1c01bbd47fc00a2c39e90264f33305004495a9","hash":"ddeaba0585e2a7c9dd87bdeab3350332d0bbe20f"}
}
