TN:
SF:components/ConfigEditorPanel.js
FN:3,ConfigEditorPanel
FN:15,(anonymous_1)
FN:17,(anonymous_2)
FN:18,(anonymous_3)
FN:22,(anonymous_4)
FN:24,(anonymous_5)
FN:25,(anonymous_6)
FN:29,(anonymous_7)
FN:33,(anonymous_8)
FN:35,(anonymous_9)
FN:36,(anonymous_10)
FN:37,(anonymous_11)
FN:39,(anonymous_12)
FN:40,(anonymous_13)
FN:41,(anonymous_14)
FN:45,(anonymous_15)
FN:46,(anonymous_16)
FN:50,(anonymous_17)
FN:51,(anonymous_18)
FN:55,(anonymous_19)
FN:64,(anonymous_20)
FN:68,(anonymous_21)
FN:72,(anonymous_22)
FN:73,(anonymous_23)
FN:77,(anonymous_24)
FN:86,(anonymous_25)
FN:90,(anonymous_26)
FN:94,(anonymous_27)
FN:95,(anonymous_28)
FN:105,(anonymous_29)
FN:111,(anonymous_30)
FN:131,(anonymous_31)
FN:137,(anonymous_32)
FN:150,(anonymous_33)
FNF:34
FNH:3
FNDA:3,ConfigEditorPanel
FNDA:3,(anonymous_1)
FNDA:0,(anonymous_2)
FNDA:0,(anonymous_3)
FNDA:0,(anonymous_4)
FNDA:0,(anonymous_5)
FNDA:0,(anonymous_6)
FNDA:0,(anonymous_7)
FNDA:3,(anonymous_8)
FNDA:0,(anonymous_9)
FNDA:0,(anonymous_10)
FNDA:0,(anonymous_11)
FNDA:0,(anonymous_12)
FNDA:0,(anonymous_13)
FNDA:0,(anonymous_14)
FNDA:0,(anonymous_15)
FNDA:0,(anonymous_16)
FNDA:0,(anonymous_17)
FNDA:0,(anonymous_18)
FNDA:0,(anonymous_19)
FNDA:0,(anonymous_20)
FNDA:0,(anonymous_21)
FNDA:0,(anonymous_22)
FNDA:0,(anonymous_23)
FNDA:0,(anonymous_24)
FNDA:0,(anonymous_25)
FNDA:0,(anonymous_26)
FNDA:0,(anonymous_27)
FNDA:0,(anonymous_28)
FNDA:0,(anonymous_29)
FNDA:0,(anonymous_30)
FNDA:0,(anonymous_31)
FNDA:0,(anonymous_32)
FNDA:0,(anonymous_33)
DA:4,3
DA:5,3
DA:6,3
DA:7,3
DA:8,3
DA:9,3
DA:10,3
DA:11,3
DA:12,3
DA:15,3
DA:16,3
DA:17,0
DA:19,0
DA:20,0
DA:22,0
DA:23,3
DA:24,0
DA:26,0
DA:27,0
DA:29,0
DA:33,3
DA:34,3
DA:35,0
DA:36,0
DA:37,0
DA:38,3
DA:39,0
DA:40,0
DA:41,0
DA:45,3
DA:46,0
DA:50,3
DA:51,0
DA:55,3
DA:56,0
DA:57,0
DA:58,0
DA:59,0
DA:65,0
DA:66,0
DA:69,0
DA:70,0
DA:72,0
DA:73,0
DA:77,3
DA:78,0
DA:79,0
DA:80,0
DA:81,0
DA:87,0
DA:88,0
DA:91,0
DA:92,0
DA:94,0
DA:95,0
DA:98,3
DA:106,0
DA:111,0
DA:132,0
DA:137,0
DA:151,0
LF:61
LH:20
BRDA:65,0,0,0
BRDA:65,0,1,0
BRDA:87,1,0,0
BRDA:87,1,1,0
BRDA:101,2,0,3
BRDA:101,2,1,0
BRDA:102,3,0,3
BRDA:102,3,1,0
BRDA:116,4,0,3
BRDA:116,4,1,0
BRDA:119,5,0,0
BRDA:119,5,1,0
BRDA:122,6,0,0
BRDA:122,6,1,0
BRDA:127,7,0,3
BRDA:127,7,1,3
BRDA:131,8,0,3
BRDA:131,8,1,3
BRDA:131,8,2,3
BRDA:146,9,0,3
BRDA:146,9,1,0
BRDA:153,10,0,0
BRDA:153,10,1,0
BRF:23
BRH:9
end_of_record
TN:
SF:components/Dashboard.js
FN:24,Dashboard
FN:25,(anonymous_1)
FN:27,(anonymous_2)
FN:52,(anonymous_3)
FN:117,AgentClusterStatus
FN:122,(anonymous_5)
FN:125,(anonymous_6)
FN:126,(anonymous_7)
FN:130,(anonymous_8)
FN:144,(anonymous_9)
FNF:10
FNH:5
FNDA:3,Dashboard
FNDA:3,(anonymous_1)
FNDA:3,(anonymous_2)
FNDA:0,(anonymous_3)
FNDA:3,AgentClusterStatus
FNDA:3,(anonymous_5)
FNDA:0,(anonymous_6)
FNDA:0,(anonymous_7)
FNDA:0,(anonymous_8)
FNDA:0,(anonymous_9)
DA:11,1
DA:25,3
DA:27,3
DA:28,3
DA:31,3
DA:52,0
DA:118,3
DA:119,3
DA:120,3
DA:122,3
DA:123,3
DA:124,3
DA:125,0
DA:127,0
DA:128,0
DA:131,0
DA:132,0
DA:136,3
DA:137,0
DA:138,0
DA:140,0
DA:145,0
LF:22
LH:12
BRDA:25,0,0,3
BRDA:25,0,1,1
BRDA:94,1,0,3
BRDA:94,1,1,0
BRDA:131,2,0,0
BRDA:131,2,1,0
BRDA:136,3,0,3
BRDA:136,3,1,0
BRDA:137,4,0,0
BRDA:137,4,1,0
BRDA:138,5,0,0
BRDA:138,5,1,0
BRDA:142,6,0,0
BRDA:142,6,1,0
BRF:14
BRH:4
end_of_record
TN:
SF:components/HelpPanel.js
FN:3,HelpPanel
FNF:1
FNH:1
FNDA:3,HelpPanel
DA:4,3
LF:1
LH:1
BRF:0
BRH:0
end_of_record
TN:
SF:components/IntegrationManagerPanel.js
FN:3,IntegrationManagerPanel
FN:10,(anonymous_1)
FN:12,(anonymous_2)
FN:14,(anonymous_3)
FN:17,(anonymous_4)
FN:21,(anonymous_5)
FN:22,(anonymous_6)
FN:26,(anonymous_7)
FN:29,(anonymous_8)
FN:30,(anonymous_9)
FN:33,(anonymous_10)
FN:39,(anonymous_11)
FN:40,(anonymous_12)
FN:44,(anonymous_13)
FN:52,(anonymous_14)
FN:61,(anonymous_15)
FN:71,(anonymous_16)
FN:72,(anonymous_17)
FN:79,(anonymous_18)
FN:85,(anonymous_19)
FNF:20
FNH:2
FNDA:3,IntegrationManagerPanel
FNDA:3,(anonymous_1)
FNDA:0,(anonymous_2)
FNDA:0,(anonymous_3)
FNDA:0,(anonymous_4)
FNDA:0,(anonymous_5)
FNDA:0,(anonymous_6)
FNDA:0,(anonymous_7)
FNDA:0,(anonymous_8)
FNDA:0,(anonymous_9)
FNDA:0,(anonymous_10)
FNDA:0,(anonymous_11)
FNDA:0,(anonymous_12)
FNDA:0,(anonymous_13)
FNDA:0,(anonymous_14)
FNDA:0,(anonymous_15)
FNDA:0,(anonymous_16)
FNDA:0,(anonymous_17)
FNDA:0,(anonymous_18)
FNDA:0,(anonymous_19)
DA:4,3
DA:5,3
DA:6,3
DA:7,3
DA:8,3
DA:10,3
DA:11,3
DA:12,0
DA:14,0
DA:17,3
DA:18,0
DA:19,0
DA:20,0
DA:21,0
DA:23,0
DA:24,0
DA:26,0
DA:29,3
DA:30,0
DA:33,3
DA:34,0
DA:39,0
DA:41,0
DA:42,0
DA:44,0
DA:47,3
DA:53,0
DA:61,0
DA:71,0
DA:73,0
DA:79,0
DA:85,0
LF:32
LH:11
BRDA:24,0,0,0
BRDA:24,0,1,0
BRDA:41,1,0,0
BRDA:41,1,1,0
BRDA:50,2,0,3
BRDA:50,2,1,0
BRDA:55,3,0,0
BRDA:55,3,1,0
BRDA:56,4,0,0
BRDA:56,4,1,0
BRDA:67,5,0,3
BRDA:67,5,1,0
BRDA:78,6,0,0
BRDA:78,6,1,0
BRF:14
BRH:2
end_of_record
TN:
SF:components/OnboardingPanel.js
FN:38,OnboardingPanel
FN:39,(anonymous_1)
FN:40,(anonymous_2)
FN:41,(anonymous_3)
FN:46,(anonymous_4)
FN:48,(anonymous_5)
FN:51,handleCheck
FN:55,handleSubmit
FN:70,(anonymous_8)
FN:86,(anonymous_9)
FN:92,(anonymous_10)
FN:141,(anonymous_11)
FN:157,PersonaSetup
FN:163,saveOnboarding
FN:187,(anonymous_14)
FN:193,(anonymous_15)
FNF:16
FNH:10
FNDA:11,OnboardingPanel
FNDA:3,(anonymous_1)
FNDA:3,(anonymous_2)
FNDA:15,(anonymous_3)
FNDA:3,(anonymous_4)
FNDA:15,(anonymous_5)
FNDA:5,handleCheck
FNDA:0,handleSubmit
FNDA:0,(anonymous_8)
FNDA:55,(anonymous_9)
FNDA:5,(anonymous_10)
FNDA:0,(anonymous_11)
FNDA:11,PersonaSetup
FNDA:0,saveOnboarding
FNDA:0,(anonymous_14)
FNDA:0,(anonymous_15)
DA:5,1
DA:39,11
DA:40,11
DA:41,15
DA:43,11
DA:44,11
DA:46,11
DA:48,15
DA:52,5
DA:56,0
DA:57,0
DA:60,11
DA:70,0
DA:87,55
DA:92,5
DA:141,0
DA:158,11
DA:159,11
DA:160,11
DA:161,11
DA:164,0
DA:165,0
DA:166,0
DA:167,0
DA:172,0
DA:173,0
DA:175,0
DA:177,0
DA:180,11
DA:187,0
DA:193,0
LF:31
LH:17
BRDA:39,0,0,3
BRDA:39,0,1,1
BRDA:100,1,0,11
BRDA:100,1,1,44
BRDA:102,2,0,11
BRDA:102,2,1,33
BRDA:104,3,0,11
BRDA:104,3,1,22
BRDA:106,4,0,11
BRDA:106,4,1,11
BRDA:108,5,0,11
BRDA:108,5,1,0
BRDA:131,6,0,11
BRDA:131,6,1,1
BRDA:149,7,0,11
BRDA:149,7,1,0
BRDA:173,8,0,0
BRDA:173,8,1,0
BRDA:183,9,0,11
BRDA:183,9,1,0
BRDA:192,10,0,11
BRDA:192,10,1,0
BRDA:194,11,0,11
BRDA:194,11,1,0
BRDA:195,12,0,11
BRDA:195,12,1,0
BRDA:196,13,0,11
BRDA:196,13,1,0
BRDA:197,14,0,11
BRDA:197,14,1,0
BRDA:200,15,0,11
BRDA:200,15,1,11
BRDA:201,16,0,0
BRDA:201,16,1,11
BRDA:201,17,0,11
BRDA:201,17,1,0
BRDA:203,18,0,11
BRDA:203,18,1,0
BRDA:204,19,0,0
BRDA:204,19,1,0
BRDA:208,20,0,11
BRDA:208,20,1,0
BRF:42
BRH:26
end_of_record
TN:
SF:components/PluginMarketplacePanel.js
FN:3,PluginMarketplacePanel
FN:11,(anonymous_1)
FN:13,(anonymous_2)
FN:14,(anonymous_3)
FN:15,(anonymous_4)
FN:19,(anonymous_5)
FN:23,(anonymous_6)
FN:24,(anonymous_7)
FN:25,(anonymous_8)
FN:29,(anonymous_9)
FN:33,(anonymous_10)
FN:34,(anonymous_11)
FN:35,(anonymous_12)
FN:39,(anonymous_13)
FN:53,(anonymous_14)
FN:54,(anonymous_15)
FN:55,(anonymous_16)
FN:59,(anonymous_17)
FN:75,(anonymous_18)
FN:122,(anonymous_19)
FN:135,(anonymous_20)
FN:148,(anonymous_21)
FN:161,(anonymous_22)
FN:192,(anonymous_23)
FN:203,(anonymous_24)
FN:212,(anonymous_25)
FN:213,(anonymous_26)
FN:225,(anonymous_27)
FN:239,(anonymous_28)
FNF:29
FNH:2
FNDA:3,PluginMarketplacePanel
FNDA:3,(anonymous_1)
FNDA:0,(anonymous_2)
FNDA:0,(anonymous_3)
FNDA:0,(anonymous_4)
FNDA:0,(anonymous_5)
FNDA:0,(anonymous_6)
FNDA:0,(anonymous_7)
FNDA:0,(anonymous_8)
FNDA:0,(anonymous_9)
FNDA:0,(anonymous_10)
FNDA:0,(anonymous_11)
FNDA:0,(anonymous_12)
FNDA:0,(anonymous_13)
FNDA:0,(anonymous_14)
FNDA:0,(anonymous_15)
FNDA:0,(anonymous_16)
FNDA:0,(anonymous_17)
FNDA:0,(anonymous_18)
FNDA:0,(anonymous_19)
FNDA:0,(anonymous_20)
FNDA:0,(anonymous_21)
FNDA:0,(anonymous_22)
FNDA:0,(anonymous_23)
FNDA:0,(anonymous_24)
FNDA:0,(anonymous_25)
FNDA:0,(anonymous_26)
FNDA:0,(anonymous_27)
FNDA:0,(anonymous_28)
DA:4,3
DA:5,3
DA:6,3
DA:7,3
DA:8,3
DA:11,3
DA:12,3
DA:13,0
DA:14,0
DA:15,0
DA:19,3
DA:20,0
DA:21,0
DA:22,0
DA:23,0
DA:24,0
DA:25,0
DA:29,3
DA:30,0
DA:31,0
DA:32,0
DA:33,0
DA:34,0
DA:35,0
DA:39,3
DA:40,0
DA:41,0
DA:43,0
DA:53,0
DA:54,0
DA:55,0
DA:59,3
DA:60,0
DA:61,0
DA:65,3
DA:76,0
DA:122,0
DA:135,0
DA:148,0
DA:161,0
DA:192,0
DA:203,0
DA:213,0
DA:225,0
DA:239,0
LF:45
LH:12
BRDA:22,0,0,0
BRDA:22,0,1,0
BRDA:68,1,0,3
BRDA:68,1,1,0
BRDA:69,2,0,3
BRDA:69,2,1,0
BRDA:71,3,0,3
BRDA:71,3,1,0
BRDA:87,4,0,0
BRDA:87,4,1,0
BRDA:112,5,0,0
BRDA:112,5,1,0
BRDA:113,6,0,0
BRDA:113,6,1,0
BRDA:117,7,0,0
BRDA:117,7,1,0
BRDA:124,8,0,0
BRDA:124,8,1,0
BRDA:125,9,0,0
BRDA:125,9,1,0
BRDA:132,10,0,0
BRDA:132,10,1,0
BRDA:178,11,0,3
BRDA:178,11,1,0
BRDA:211,12,0,0
BRDA:211,12,1,0
BRF:26
BRH:4
end_of_record
TN:
SF:components/WorkflowEditorPanel.js
FN:3,WorkflowEditorPanel
FN:12,(anonymous_1)
FN:14,(anonymous_2)
FN:15,(anonymous_3)
FN:16,(anonymous_4)
FN:20,(anonymous_5)
FN:25,(anonymous_6)
FN:26,(anonymous_7)
FN:33,(anonymous_8)
FN:55,(anonymous_9)
FN:63,(anonymous_10)
FN:64,(anonymous_11)
FN:65,(anonymous_12)
FN:81,(anonymous_13)
FN:97,(anonymous_14)
FN:101,(anonymous_15)
FN:104,(anonymous_16)
FN:113,(anonymous_17)
FN:128,(anonymous_18)
FN:135,(anonymous_19)
FN:161,(anonymous_20)
FN:169,(anonymous_21)
FN:173,(anonymous_22)
FN:179,(anonymous_23)
FNF:24
FNH:18
FNDA:17,WorkflowEditorPanel
FNDA:7,(anonymous_1)
FNDA:4,(anonymous_2)
FNDA:4,(anonymous_3)
FNDA:0,(anonymous_4)
FNDA:1,(anonymous_5)
FNDA:2,(anonymous_6)
FNDA:4,(anonymous_7)
FNDA:2,(anonymous_8)
FNDA:1,(anonymous_9)
FNDA:1,(anonymous_10)
FNDA:1,(anonymous_11)
FNDA:0,(anonymous_12)
FNDA:0,(anonymous_13)
FNDA:21,(anonymous_14)
FNDA:0,(anonymous_15)
FNDA:0,(anonymous_16)
FNDA:0,(anonymous_17)
FNDA:1,(anonymous_18)
FNDA:1,(anonymous_19)
FNDA:2,(anonymous_20)
FNDA:5,(anonymous_21)
FNDA:5,(anonymous_22)
FNDA:1,(anonymous_23)
DA:4,17
DA:5,17
DA:6,17
DA:7,17
DA:8,17
DA:9,17
DA:12,17
DA:13,7
DA:14,4
DA:15,4
DA:16,0
DA:20,17
DA:21,1
DA:25,17
DA:26,2
DA:27,4
DA:29,2
DA:33,17
DA:34,2
DA:35,2
DA:36,2
DA:37,2
DA:42,1
DA:43,1
DA:44,1
DA:45,1
DA:47,1
DA:48,1
DA:50,1
DA:55,17
DA:56,1
DA:57,1
DA:58,1
DA:63,1
DA:64,1
DA:65,0
DA:68,17
DA:81,0
DA:98,21
DA:102,0
DA:105,0
DA:106,0
DA:107,0
DA:108,0
DA:109,0
DA:110,0
DA:113,0
DA:128,1
DA:135,1
DA:161,2
DA:170,5
DA:174,5
DA:179,1
LF:53
LH:42
BRDA:27,0,0,2
BRDA:27,0,1,2
BRDA:71,1,0,3
BRDA:71,1,1,14
BRDA:73,2,0,14
BRDA:73,2,1,1
BRDA:106,3,0,0
BRDA:106,3,1,0
BRDA:139,4,0,21
BRDA:139,4,1,4
BRDA:155,5,0,2
BRDA:155,5,1,19
BRDA:155,6,0,21
BRDA:155,6,1,3
BRDA:165,7,0,12
BRDA:165,7,1,5
BRDA:185,8,0,17
BRDA:185,8,1,1
BRF:18
BRH:16
end_of_record
